<?xml version="1.0" encoding="UTF-8"?>
<!-- Generated by org.testng.reporters.JUnitReportReporter -->
<testsuite hostname="Manishs-MacBook-Pro.local" failures="0" tests="1" name="TestCases.LaunchWebPage" time="0.513" errors="0" timestamp="08 Aug 2019 20:35:16 GMT" skipped="0">
  <testcase classname="TestCases.LaunchWebPage" name="InitializeAndLaunch" time="0.513"/>
</testsuite> <!-- TestCases.LaunchWebPage -->
