<?xml version="1.0" encoding="UTF-8"?>
<!-- Generated by org.testng.reporters.JUnitReportReporter -->
<testsuite hostname="Manishs-MacBook-Pro.local" failures="0" tests="1" name="TestCases.SignOnTest" time="0.510" errors="0" timestamp="08 Aug 2019 20:37:10 GMT" skipped="0">
  <testcase classname="TestCases.SignOnTest" name="ShowSignOnPage" time="0.510"/>
</testsuite> <!-- TestCases.SignOnTest -->
