<?xml version="1.0" encoding="UTF-8"?>
<!-- Generated by org.testng.reporters.JUnitReportReporter -->
<testsuite hostname="Manishs-MacBook-Pro.local" failures="0" tests="1" name="Kroger.com.Kroger.AppTest" time="0.013" errors="0" timestamp="08 Aug 2019 19:08:05 GMT" skipped="0">
  <testcase classname="Kroger.com.Kroger.AppTest" name="testApp" time="0.013"/>
</testsuite> <!-- Kroger.com.Kroger.AppTest -->
